<?xml version="1.0" encoding="UTF-8"?>
<testsuite xmlns:xsi="http://www.w3.org/2001/XMLSchema-instance" xsi:noNamespaceSchemaLocation="https://maven.apache.org/surefire/maven-surefire-plugin/xsd/surefire-test-report-3.0.xsd" version="3.0" name="org.areo.yiyu.YiyuApplicationTests" time="1.946" tests="1" errors="0" skipped="0" failures="0">
  <properties>
    <property name="java.specification.version" value="17"/>
    <property name="sun.cpu.isalist" value="amd64"/>
    <property name="sun.jnu.encoding" value="GBK"/>
    <property name="java.class.path" value="D:\Java\yiyu\target\test-classes;D:\Java\yiyu\target\classes;E:\repository\org\springframework\boot\spring-boot-starter-web\3.3.2\spring-boot-starter-web-3.3.2.jar;E:\repository\org\springframework\boot\spring-boot-starter\3.3.2\spring-boot-starter-3.3.2.jar;E:\repository\org\springframework\boot\spring-boot\3.3.2\spring-boot-3.3.2.jar;E:\repository\org\springframework\boot\spring-boot-autoconfigure\3.3.2\spring-boot-autoconfigure-3.3.2.jar;E:\repository\org\springframework\boot\spring-boot-starter-logging\3.3.2\spring-boot-starter-logging-3.3.2.jar;E:\repository\ch\qos\logback\logback-classic\1.5.6\logback-classic-1.5.6.jar;E:\repository\ch\qos\logback\logback-core\1.5.6\logback-core-1.5.6.jar;E:\repository\org\apache\logging\log4j\log4j-to-slf4j\2.23.1\log4j-to-slf4j-2.23.1.jar;E:\repository\org\apache\logging\log4j\log4j-api\2.23.1\log4j-api-2.23.1.jar;E:\repository\org\slf4j\jul-to-slf4j\2.0.13\jul-to-slf4j-2.0.13.jar;E:\repository\jakarta\annotation\jakarta.annotation-api\2.1.1\jakarta.annotation-api-2.1.1.jar;E:\repository\org\yaml\snakeyaml\2.2\snakeyaml-2.2.jar;E:\repository\org\springframework\boot\spring-boot-starter-json\3.3.2\spring-boot-starter-json-3.3.2.jar;E:\repository\com\fasterxml\jackson\datatype\jackson-datatype-jdk8\2.17.2\jackson-datatype-jdk8-2.17.2.jar;E:\repository\com\fasterxml\jackson\datatype\jackson-datatype-jsr310\2.17.2\jackson-datatype-jsr310-2.17.2.jar;E:\repository\com\fasterxml\jackson\module\jackson-module-parameter-names\2.17.2\jackson-module-parameter-names-2.17.2.jar;E:\repository\org\springframework\boot\spring-boot-starter-tomcat\3.3.2\spring-boot-starter-tomcat-3.3.2.jar;E:\repository\org\apache\tomcat\embed\tomcat-embed-core\10.1.26\tomcat-embed-core-10.1.26.jar;E:\repository\org\apache\tomcat\embed\tomcat-embed-websocket\10.1.26\tomcat-embed-websocket-10.1.26.jar;E:\repository\org\springframework\spring-web\6.1.11\spring-web-6.1.11.jar;E:\repository\org\springframework\spring-beans\6.1.11\spring-beans-6.1.11.jar;E:\repository\io\micrometer\micrometer-observation\1.13.2\micrometer-observation-1.13.2.jar;E:\repository\io\micrometer\micrometer-commons\1.13.2\micrometer-commons-1.13.2.jar;E:\repository\org\springframework\spring-webmvc\6.1.11\spring-webmvc-6.1.11.jar;E:\repository\org\springframework\spring-aop\6.1.11\spring-aop-6.1.11.jar;E:\repository\org\springframework\spring-context\6.1.11\spring-context-6.1.11.jar;E:\repository\org\springframework\spring-expression\6.1.11\spring-expression-6.1.11.jar;E:\repository\org\mybatis\spring\boot\mybatis-spring-boot-starter\3.0.3\mybatis-spring-boot-starter-3.0.3.jar;E:\repository\org\springframework\boot\spring-boot-starter-jdbc\3.3.2\spring-boot-starter-jdbc-3.3.2.jar;E:\repository\com\zaxxer\HikariCP\5.1.0\HikariCP-5.1.0.jar;E:\repository\org\springframework\spring-jdbc\6.1.11\spring-jdbc-6.1.11.jar;E:\repository\org\mybatis\spring\boot\mybatis-spring-boot-autoconfigure\3.0.3\mybatis-spring-boot-autoconfigure-3.0.3.jar;E:\repository\org\mybatis\mybatis\3.5.14\mybatis-3.5.14.jar;E:\repository\org\mybatis\mybatis-spring\3.0.3\mybatis-spring-3.0.3.jar;E:\repository\com\mysql\mysql-connector-j\8.3.0\mysql-connector-j-8.3.0.jar;E:\repository\org\springdoc\springdoc-openapi-starter-webmvc-ui\2.6.0\springdoc-openapi-starter-webmvc-ui-2.6.0.jar;E:\repository\org\springdoc\springdoc-openapi-starter-webmvc-api\2.6.0\springdoc-openapi-starter-webmvc-api-2.6.0.jar;E:\repository\org\springdoc\springdoc-openapi-starter-common\2.6.0\springdoc-openapi-starter-common-2.6.0.jar;E:\repository\io\swagger\core\v3\swagger-core-jakarta\2.2.22\swagger-core-jakarta-2.2.22.jar;E:\repository\org\apache\commons\commons-lang3\3.14.0\commons-lang3-3.14.0.jar;E:\repository\io\swagger\core\v3\swagger-annotations-jakarta\2.2.22\swagger-annotations-jakarta-2.2.22.jar;E:\repository\io\swagger\core\v3\swagger-models-jakarta\2.2.22\swagger-models-jakarta-2.2.22.jar;E:\repository\com\fasterxml\jackson\dataformat\jackson-dataformat-yaml\2.17.2\jackson-dataformat-yaml-2.17.2.jar;E:\repository\org\webjars\swagger-ui\5.17.14\swagger-ui-5.17.14.jar;E:\repository\com\alibaba\cola\cola-component-dto\4.3.2\cola-component-dto-4.3.2.jar;E:\repository\org\springframework\boot\spring-boot-starter-validation\3.3.1\spring-boot-starter-validation-3.3.1.jar;E:\repository\org\apache\tomcat\embed\tomcat-embed-el\10.1.26\tomcat-embed-el-10.1.26.jar;E:\repository\org\hibernate\validator\hibernate-validator\8.0.1.Final\hibernate-validator-8.0.1.Final.jar;E:\repository\jakarta\validation\jakarta.validation-api\3.0.2\jakarta.validation-api-3.0.2.jar;E:\repository\org\jboss\logging\jboss-logging\3.5.3.Final\jboss-logging-3.5.3.Final.jar;E:\repository\com\fasterxml\classmate\1.7.0\classmate-1.7.0.jar;E:\repository\io\jsonwebtoken\jjwt\0.9.1\jjwt-0.9.1.jar;E:\repository\com\fasterxml\jackson\core\jackson-databind\2.17.2\jackson-databind-2.17.2.jar;E:\repository\com\fasterxml\jackson\core\jackson-annotations\2.17.2\jackson-annotations-2.17.2.jar;E:\repository\com\fasterxml\jackson\core\jackson-core\2.17.2\jackson-core-2.17.2.jar;E:\repository\jakarta\xml\bind\jakarta.xml.bind-api\3.0.1\jakarta.xml.bind-api-3.0.1.jar;E:\repository\com\sun\activation\jakarta.activation\2.0.1\jakarta.activation-2.0.1.jar;E:\repository\org\projectlombok\lombok\1.18.34\lombok-1.18.34.jar;E:\repository\org\springframework\boot\spring-boot-starter-test\3.3.2\spring-boot-starter-test-3.3.2.jar;E:\repository\org\springframework\boot\spring-boot-test\3.3.2\spring-boot-test-3.3.2.jar;E:\repository\org\springframework\boot\spring-boot-test-autoconfigure\3.3.2\spring-boot-test-autoconfigure-3.3.2.jar;E:\repository\com\jayway\jsonpath\json-path\2.9.0\json-path-2.9.0.jar;E:\repository\org\slf4j\slf4j-api\2.0.13\slf4j-api-2.0.13.jar;E:\repository\net\minidev\json-smart\2.5.1\json-smart-2.5.1.jar;E:\repository\net\minidev\accessors-smart\2.5.1\accessors-smart-2.5.1.jar;E:\repository\org\ow2\asm\asm\9.6\asm-9.6.jar;E:\repository\org\assertj\assertj-core\3.25.3\assertj-core-3.25.3.jar;E:\repository\net\bytebuddy\byte-buddy\1.14.18\byte-buddy-1.14.18.jar;E:\repository\org\awaitility\awaitility\4.2.1\awaitility-4.2.1.jar;E:\repository\org\hamcrest\hamcrest\2.2\hamcrest-2.2.jar;E:\repository\org\junit\jupiter\junit-jupiter\5.10.3\junit-jupiter-5.10.3.jar;E:\repository\org\junit\jupiter\junit-jupiter-api\5.10.3\junit-jupiter-api-5.10.3.jar;E:\repository\org\opentest4j\opentest4j\1.3.0\opentest4j-1.3.0.jar;E:\repository\org\junit\platform\junit-platform-commons\1.10.3\junit-platform-commons-1.10.3.jar;E:\repository\org\apiguardian\apiguardian-api\1.1.2\apiguardian-api-1.1.2.jar;E:\repository\org\junit\jupiter\junit-jupiter-params\5.10.3\junit-jupiter-params-5.10.3.jar;E:\repository\org\junit\jupiter\junit-jupiter-engine\5.10.3\junit-jupiter-engine-5.10.3.jar;E:\repository\org\junit\platform\junit-platform-engine\1.10.3\junit-platform-engine-1.10.3.jar;E:\repository\org\mockito\mockito-core\5.11.0\mockito-core-5.11.0.jar;E:\repository\net\bytebuddy\byte-buddy-agent\1.14.18\byte-buddy-agent-1.14.18.jar;E:\repository\org\objenesis\objenesis\3.3\objenesis-3.3.jar;E:\repository\org\mockito\mockito-junit-jupiter\5.11.0\mockito-junit-jupiter-5.11.0.jar;E:\repository\org\skyscreamer\jsonassert\1.5.3\jsonassert-1.5.3.jar;E:\repository\com\vaadin\external\google\android-json\0.0.20131108.vaadin1\android-json-0.0.20131108.vaadin1.jar;E:\repository\org\springframework\spring-core\6.1.11\spring-core-6.1.11.jar;E:\repository\org\springframework\spring-jcl\6.1.11\spring-jcl-6.1.11.jar;E:\repository\org\springframework\spring-test\6.1.11\spring-test-6.1.11.jar;E:\repository\org\xmlunit\xmlunit-core\2.9.1\xmlunit-core-2.9.1.jar;E:\repository\org\mybatis\spring\boot\mybatis-spring-boot-starter-test\3.0.3\mybatis-spring-boot-starter-test-3.0.3.jar;E:\repository\org\mybatis\spring\boot\mybatis-spring-boot-test-autoconfigure\3.0.3\mybatis-spring-boot-test-autoconfigure-3.0.3.jar;E:\repository\org\springframework\spring-tx\6.1.11\spring-tx-6.1.11.jar;"/>
    <property name="java.vm.vendor" value="Microsoft"/>
    <property name="sun.arch.data.model" value="64"/>
    <property name="user.variant" value=""/>
    <property name="java.vendor.url" value="https://www.microsoft.com"/>
    <property name="user.timezone" value="Asia/Hong_Kong"/>
    <property name="org.jboss.logging.provider" value="slf4j"/>
    <property name="user.country.format" value="HK"/>
    <property name="os.name" value="Windows 11"/>
    <property name="java.vm.specification.version" value="17"/>
    <property name="sun.java.launcher" value="SUN_STANDARD"/>
    <property name="user.country" value="CN"/>
    <property name="sun.boot.library.path" value="F:\jdk\bin"/>
    <property name="sun.java.command" value="C:\Users\areo3\AppData\Local\Temp\surefire2072141515866258700\surefirebooter-20240730174833058_3.jar C:\Users\areo3\AppData\Local\Temp\surefire2072141515866258700 2024-07-30T17-48-31_860-jvmRun1 surefire-20240730174833058_1tmp surefire_0-20240730174833058_2tmp"/>
    <property name="jdk.debug" value="release"/>
    <property name="surefire.test.class.path" value="D:\Java\yiyu\target\test-classes;D:\Java\yiyu\target\classes;E:\repository\org\springframework\boot\spring-boot-starter-web\3.3.2\spring-boot-starter-web-3.3.2.jar;E:\repository\org\springframework\boot\spring-boot-starter\3.3.2\spring-boot-starter-3.3.2.jar;E:\repository\org\springframework\boot\spring-boot\3.3.2\spring-boot-3.3.2.jar;E:\repository\org\springframework\boot\spring-boot-autoconfigure\3.3.2\spring-boot-autoconfigure-3.3.2.jar;E:\repository\org\springframework\boot\spring-boot-starter-logging\3.3.2\spring-boot-starter-logging-3.3.2.jar;E:\repository\ch\qos\logback\logback-classic\1.5.6\logback-classic-1.5.6.jar;E:\repository\ch\qos\logback\logback-core\1.5.6\logback-core-1.5.6.jar;E:\repository\org\apache\logging\log4j\log4j-to-slf4j\2.23.1\log4j-to-slf4j-2.23.1.jar;E:\repository\org\apache\logging\log4j\log4j-api\2.23.1\log4j-api-2.23.1.jar;E:\repository\org\slf4j\jul-to-slf4j\2.0.13\jul-to-slf4j-2.0.13.jar;E:\repository\jakarta\annotation\jakarta.annotation-api\2.1.1\jakarta.annotation-api-2.1.1.jar;E:\repository\org\yaml\snakeyaml\2.2\snakeyaml-2.2.jar;E:\repository\org\springframework\boot\spring-boot-starter-json\3.3.2\spring-boot-starter-json-3.3.2.jar;E:\repository\com\fasterxml\jackson\datatype\jackson-datatype-jdk8\2.17.2\jackson-datatype-jdk8-2.17.2.jar;E:\repository\com\fasterxml\jackson\datatype\jackson-datatype-jsr310\2.17.2\jackson-datatype-jsr310-2.17.2.jar;E:\repository\com\fasterxml\jackson\module\jackson-module-parameter-names\2.17.2\jackson-module-parameter-names-2.17.2.jar;E:\repository\org\springframework\boot\spring-boot-starter-tomcat\3.3.2\spring-boot-starter-tomcat-3.3.2.jar;E:\repository\org\apache\tomcat\embed\tomcat-embed-core\10.1.26\tomcat-embed-core-10.1.26.jar;E:\repository\org\apache\tomcat\embed\tomcat-embed-websocket\10.1.26\tomcat-embed-websocket-10.1.26.jar;E:\repository\org\springframework\spring-web\6.1.11\spring-web-6.1.11.jar;E:\repository\org\springframework\spring-beans\6.1.11\spring-beans-6.1.11.jar;E:\repository\io\micrometer\micrometer-observation\1.13.2\micrometer-observation-1.13.2.jar;E:\repository\io\micrometer\micrometer-commons\1.13.2\micrometer-commons-1.13.2.jar;E:\repository\org\springframework\spring-webmvc\6.1.11\spring-webmvc-6.1.11.jar;E:\repository\org\springframework\spring-aop\6.1.11\spring-aop-6.1.11.jar;E:\repository\org\springframework\spring-context\6.1.11\spring-context-6.1.11.jar;E:\repository\org\springframework\spring-expression\6.1.11\spring-expression-6.1.11.jar;E:\repository\org\mybatis\spring\boot\mybatis-spring-boot-starter\3.0.3\mybatis-spring-boot-starter-3.0.3.jar;E:\repository\org\springframework\boot\spring-boot-starter-jdbc\3.3.2\spring-boot-starter-jdbc-3.3.2.jar;E:\repository\com\zaxxer\HikariCP\5.1.0\HikariCP-5.1.0.jar;E:\repository\org\springframework\spring-jdbc\6.1.11\spring-jdbc-6.1.11.jar;E:\repository\org\mybatis\spring\boot\mybatis-spring-boot-autoconfigure\3.0.3\mybatis-spring-boot-autoconfigure-3.0.3.jar;E:\repository\org\mybatis\mybatis\3.5.14\mybatis-3.5.14.jar;E:\repository\org\mybatis\mybatis-spring\3.0.3\mybatis-spring-3.0.3.jar;E:\repository\com\mysql\mysql-connector-j\8.3.0\mysql-connector-j-8.3.0.jar;E:\repository\org\springdoc\springdoc-openapi-starter-webmvc-ui\2.6.0\springdoc-openapi-starter-webmvc-ui-2.6.0.jar;E:\repository\org\springdoc\springdoc-openapi-starter-webmvc-api\2.6.0\springdoc-openapi-starter-webmvc-api-2.6.0.jar;E:\repository\org\springdoc\springdoc-openapi-starter-common\2.6.0\springdoc-openapi-starter-common-2.6.0.jar;E:\repository\io\swagger\core\v3\swagger-core-jakarta\2.2.22\swagger-core-jakarta-2.2.22.jar;E:\repository\org\apache\commons\commons-lang3\3.14.0\commons-lang3-3.14.0.jar;E:\repository\io\swagger\core\v3\swagger-annotations-jakarta\2.2.22\swagger-annotations-jakarta-2.2.22.jar;E:\repository\io\swagger\core\v3\swagger-models-jakarta\2.2.22\swagger-models-jakarta-2.2.22.jar;E:\repository\com\fasterxml\jackson\dataformat\jackson-dataformat-yaml\2.17.2\jackson-dataformat-yaml-2.17.2.jar;E:\repository\org\webjars\swagger-ui\5.17.14\swagger-ui-5.17.14.jar;E:\repository\com\alibaba\cola\cola-component-dto\4.3.2\cola-component-dto-4.3.2.jar;E:\repository\org\springframework\boot\spring-boot-starter-validation\3.3.1\spring-boot-starter-validation-3.3.1.jar;E:\repository\org\apache\tomcat\embed\tomcat-embed-el\10.1.26\tomcat-embed-el-10.1.26.jar;E:\repository\org\hibernate\validator\hibernate-validator\8.0.1.Final\hibernate-validator-8.0.1.Final.jar;E:\repository\jakarta\validation\jakarta.validation-api\3.0.2\jakarta.validation-api-3.0.2.jar;E:\repository\org\jboss\logging\jboss-logging\3.5.3.Final\jboss-logging-3.5.3.Final.jar;E:\repository\com\fasterxml\classmate\1.7.0\classmate-1.7.0.jar;E:\repository\io\jsonwebtoken\jjwt\0.9.1\jjwt-0.9.1.jar;E:\repository\com\fasterxml\jackson\core\jackson-databind\2.17.2\jackson-databind-2.17.2.jar;E:\repository\com\fasterxml\jackson\core\jackson-annotations\2.17.2\jackson-annotations-2.17.2.jar;E:\repository\com\fasterxml\jackson\core\jackson-core\2.17.2\jackson-core-2.17.2.jar;E:\repository\jakarta\xml\bind\jakarta.xml.bind-api\3.0.1\jakarta.xml.bind-api-3.0.1.jar;E:\repository\com\sun\activation\jakarta.activation\2.0.1\jakarta.activation-2.0.1.jar;E:\repository\org\projectlombok\lombok\1.18.34\lombok-1.18.34.jar;E:\repository\org\springframework\boot\spring-boot-starter-test\3.3.2\spring-boot-starter-test-3.3.2.jar;E:\repository\org\springframework\boot\spring-boot-test\3.3.2\spring-boot-test-3.3.2.jar;E:\repository\org\springframework\boot\spring-boot-test-autoconfigure\3.3.2\spring-boot-test-autoconfigure-3.3.2.jar;E:\repository\com\jayway\jsonpath\json-path\2.9.0\json-path-2.9.0.jar;E:\repository\org\slf4j\slf4j-api\2.0.13\slf4j-api-2.0.13.jar;E:\repository\net\minidev\json-smart\2.5.1\json-smart-2.5.1.jar;E:\repository\net\minidev\accessors-smart\2.5.1\accessors-smart-2.5.1.jar;E:\repository\org\ow2\asm\asm\9.6\asm-9.6.jar;E:\repository\org\assertj\assertj-core\3.25.3\assertj-core-3.25.3.jar;E:\repository\net\bytebuddy\byte-buddy\1.14.18\byte-buddy-1.14.18.jar;E:\repository\org\awaitility\awaitility\4.2.1\awaitility-4.2.1.jar;E:\repository\org\hamcrest\hamcrest\2.2\hamcrest-2.2.jar;E:\repository\org\junit\jupiter\junit-jupiter\5.10.3\junit-jupiter-5.10.3.jar;E:\repository\org\junit\jupiter\junit-jupiter-api\5.10.3\junit-jupiter-api-5.10.3.jar;E:\repository\org\opentest4j\opentest4j\1.3.0\opentest4j-1.3.0.jar;E:\repository\org\junit\platform\junit-platform-commons\1.10.3\junit-platform-commons-1.10.3.jar;E:\repository\org\apiguardian\apiguardian-api\1.1.2\apiguardian-api-1.1.2.jar;E:\repository\org\junit\jupiter\junit-jupiter-params\5.10.3\junit-jupiter-params-5.10.3.jar;E:\repository\org\junit\jupiter\junit-jupiter-engine\5.10.3\junit-jupiter-engine-5.10.3.jar;E:\repository\org\junit\platform\junit-platform-engine\1.10.3\junit-platform-engine-1.10.3.jar;E:\repository\org\mockito\mockito-core\5.11.0\mockito-core-5.11.0.jar;E:\repository\net\bytebuddy\byte-buddy-agent\1.14.18\byte-buddy-agent-1.14.18.jar;E:\repository\org\objenesis\objenesis\3.3\objenesis-3.3.jar;E:\repository\org\mockito\mockito-junit-jupiter\5.11.0\mockito-junit-jupiter-5.11.0.jar;E:\repository\org\skyscreamer\jsonassert\1.5.3\jsonassert-1.5.3.jar;E:\repository\com\vaadin\external\google\android-json\0.0.20131108.vaadin1\android-json-0.0.20131108.vaadin1.jar;E:\repository\org\springframework\spring-core\6.1.11\spring-core-6.1.11.jar;E:\repository\org\springframework\spring-jcl\6.1.11\spring-jcl-6.1.11.jar;E:\repository\org\springframework\spring-test\6.1.11\spring-test-6.1.11.jar;E:\repository\org\xmlunit\xmlunit-core\2.9.1\xmlunit-core-2.9.1.jar;E:\repository\org\mybatis\spring\boot\mybatis-spring-boot-starter-test\3.0.3\mybatis-spring-boot-starter-test-3.0.3.jar;E:\repository\org\mybatis\spring\boot\mybatis-spring-boot-test-autoconfigure\3.0.3\mybatis-spring-boot-test-autoconfigure-3.0.3.jar;E:\repository\org\springframework\spring-tx\6.1.11\spring-tx-6.1.11.jar;"/>
    <property name="sun.cpu.endian" value="little"/>
    <property name="user.home" value="C:\Users\areo3"/>
    <property name="user.language" value="zh"/>
    <property name="java.specification.vendor" value="Oracle Corporation"/>
    <property name="java.version.date" value="2024-04-16"/>
    <property name="java.home" value="F:\jdk"/>
    <property name="file.separator" value="\"/>
    <property name="basedir" value="D:\Java\yiyu"/>
    <property name="java.vm.compressedOopsMode" value="Zero based"/>
    <property name="line.separator" value="&#10;"/>
    <property name="java.vm.specification.vendor" value="Oracle Corporation"/>
    <property name="java.specification.name" value="Java Platform API Specification"/>
    <property name="FILE_LOG_CHARSET" value="GBK"/>
    <property name="java.awt.headless" value="true"/>
    <property name="surefire.real.class.path" value="C:\Users\areo3\AppData\Local\Temp\surefire2072141515866258700\surefirebooter-20240730174833058_3.jar"/>
    <property name="user.script" value=""/>
    <property name="user.script.format" value="Hans"/>
    <property name="sun.management.compiler" value="HotSpot 64-Bit Tiered Compilers"/>
    <property name="java.runtime.version" value="17.0.11+9-LTS"/>
    <property name="user.name" value="areo3"/>
    <property name="path.separator" value=";"/>
    <property name="os.version" value="10.0"/>
    <property name="java.runtime.name" value="OpenJDK Runtime Environment"/>
    <property name="file.encoding" value="GBK"/>
    <property name="java.vm.name" value="OpenJDK 64-Bit Server VM"/>
    <property name="java.vendor.version" value="Microsoft-9388408"/>
    <property name="localRepository" value="E:\repository"/>
    <property name="java.vendor.url.bug" value="https://github.com/microsoft/openjdk/issues"/>
    <property name="java.io.tmpdir" value="C:\Users\areo3\AppData\Local\Temp\"/>
    <property name="idea.version" value="2024.1.4"/>
    <property name="java.version" value="17.0.11"/>
    <property name="user.dir" value="D:\Java\yiyu"/>
    <property name="os.arch" value="amd64"/>
    <property name="java.vm.specification.name" value="Java Virtual Machine Specification"/>
    <property name="PID" value="63132"/>
    <property name="sun.os.patch.level" value=""/>
    <property name="CONSOLE_LOG_CHARSET" value="GBK"/>
    <property name="native.encoding" value="GBK"/>
    <property name="java.library.path" value="F:\jdk\bin;C:\WINDOWS\Sun\Java\bin;C:\WINDOWS\system32;C:\WINDOWS;C:\Program Files\BellSoft\LibericaJDK-11\bin\;C:\Program Files (x86)\Common Files\Oracle\Java\javapath;F:\jdk\bin;C:\Windows\system32;C:\Windows;C:\Windows\System32\Wbem;C:\Windows\System32\WindowsPowerShell\v1.0\;C:\Windows\System32\OpenSSH\;C:\Program Files (x86)\NVIDIA Corporation\PhysX\Common;C:\Program Files\NVIDIA Corporation\NVIDIA NvDLISR;C:\WINDOWS\system32;C:\WINDOWS;C:\WINDOWS\System32\Wbem;C:\WINDOWS\System32\WindowsPowerShell\v1.0\;C:\WINDOWS\System32\OpenSSH\;F:\vivo\pcsuite\;F:\Windows Kits\10\Windows Performance Toolkit\;C:\Program Files\dotnet\;E:\mysql-8.0.39-winx64\bin;C:\Users\areo3\AppData\Local\Microsoft\WindowsApps;;F:\IntelliJ IDEA Community Edition 2024.1\bin;;F:\DataGrip 2024.1.4\bin;;."/>
    <property name="java.vm.info" value="mixed mode, sharing"/>
    <property name="java.vendor" value="Microsoft"/>
    <property name="java.vm.version" value="17.0.11+9-LTS"/>
    <property name="sun.io.unicode.encoding" value="UnicodeLittle"/>
    <property name="maven.repo.local" value="E:\repository"/>
    <property name="java.class.version" value="61.0"/>
    <property name="LOGGED_APPLICATION_NAME" value="[yiyu] "/>
  </properties>
  <testcase name="contextLoads" classname="org.areo.yiyu.YiyuApplicationTests" time="0.637">
    <system-out><![CDATA[17:48:33.649 [main] INFO org.springframework.test.context.support.AnnotationConfigContextLoaderUtils -- Could not detect default configuration classes for test class [org.areo.yiyu.YiyuApplicationTests]: YiyuApplicationTests does not declare any static, non-private, non-final, nested classes annotated with @Configuration.
17:48:33.702 [main] INFO org.springframework.boot.test.context.SpringBootTestContextBootstrapper -- Found @SpringBootConfiguration org.areo.yiyu.YiyuApplication for test class org.areo.yiyu.YiyuApplicationTests

  .   ____          _            __ _ _
 /\\ / ___'_ __ _ _(_)_ __  __ _ \ \ \ \
( ( )\___ | '_ | '_| | '_ \/ _` | \ \ \ \
 \\/  ___)| |_)| | | | | || (_| |  ) ) ) )
  '  |____| .__|_| |_|_| |_\__, | / / / /
 =========|_|==============|___/=/_/_/_/

 :: Spring Boot ::                (v3.3.2)

2024-07-30T17:48:33.911+08:00  INFO 63132 --- [yiyu] [           main] org.areo.yiyu.YiyuApplicationTests       : Starting YiyuApplicationTests using Java 17.0.11 with PID 63132 (started by areo3 in D:\Java\yiyu)
2024-07-30T17:48:33.911+08:00  INFO 63132 --- [yiyu] [           main] org.areo.yiyu.YiyuApplicationTests       : No active profile set, falling back to 1 default profile: "default"
Logging initialized using 'class org.apache.ibatis.logging.stdout.StdOutImpl' adapter.
2024-07-30T17:48:34.856+08:00  INFO 63132 --- [yiyu] [           main] org.areo.yiyu.YiyuApplicationTests       : Started YiyuApplicationTests in 1.068 seconds (process running for 1.63)
]]></system-out>
  </testcase>
</testsuite>